<?xml version="1.0" encoding="UTF-8"?>
<!-- Generated by org.testng.reporters.JUnitReportReporter -->
<testsuite hostname="nblap196" failures="0" tests="1" name="com.InetBanking.testCases.TC_LoginTest_001" time="14.649" errors="0" timestamp="26 Nov 2020 11:54:58 GMT">
  <testcase classname="com.InetBanking.testCases.TC_LoginTest_001" name="LoginTest" time="14.649"/>
</testsuite> <!-- com.InetBanking.testCases.TC_LoginTest_001 -->
