<?xml version="1.0" encoding="UTF-8"?>
<!-- Generated by org.testng.reporters.JUnitReportReporter -->
<testsuite hostname="nblap196" failures="0" tests="1" name="com.InetBanking.testCases.TC_LoginTest_001" time="27.564" errors="0" timestamp="2020-11-27T15:57:28 IST" skipped="0">
  <testcase classname="com.InetBanking.testCases.TC_LoginTest_001" name="LoginTest" time="27.564"/>
</testsuite> <!-- com.InetBanking.testCases.TC_LoginTest_001 -->
